2024-12-12 02:25:54.215 [info] Added views:outline in workbench.view.explorer
2024-12-12 02:25:54.216 [info] Added views:workbench.view.search in workbench.view.search
2024-12-12 02:25:54.216 [info] Added views:workbench.scm in workbench.view.scm
2024-12-12 02:25:54.216 [info] Added views:workbench.panel.markers.view in workbench.panel.markers
2024-12-12 02:25:54.216 [info] Added views:workbench.panel.output in workbench.panel.output
2024-12-12 02:25:54.216 [info] Added views:terminal in terminal
2024-12-12 02:25:54.216 [info] Added views:timeline in workbench.view.explorer
2024-12-12 02:25:54.221 [info] Added views:workbench.explorer.emptyView in workbench.view.explorer
2024-12-12 02:25:55.082 [info] Added views:workbench.debug.welcome in workbench.view.debug
2024-12-12 02:25:57.454 [info] Added views:~remote.forwardedPorts in ~remote.forwardedPortsContainer
2024-12-12 02:25:58.153 [info] Added views:workbench.panel.repl.view in workbench.panel.repl
2024-12-12 02:26:10.100 [info] Added views:outline in workbench.view.explorer
2024-12-12 02:26:10.100 [info] Added views:workbench.view.search in workbench.view.search
2024-12-12 02:26:10.100 [info] Added views:workbench.scm in workbench.view.scm
2024-12-12 02:26:10.100 [info] Added views:workbench.panel.markers.view in workbench.panel.markers
2024-12-12 02:26:10.100 [info] Added views:workbench.panel.output in workbench.panel.output
2024-12-12 02:26:10.100 [info] Added views:terminal in terminal
2024-12-12 02:26:10.100 [info] Added views:timeline in workbench.view.explorer
2024-12-12 02:26:10.100 [info] Added views:workbench.explorer.fileView in workbench.view.explorer
2024-12-12 02:26:10.979 [info] Added views:workbench.debug.variablesView,workbench.debug.watchExpressionsView,workbench.debug.callStackView,workbench.debug.breakPointsView in workbench.view.debug
2024-12-12 02:26:12.460 [info] Added views:workbench.panel.repl.view in workbench.panel.repl
2024-12-12 02:26:12.464 [info] Removed views:workbench.debug.breakPointsView,workbench.debug.callStackView,workbench.debug.watchExpressionsView,workbench.debug.variablesView from workbench.view.debug
2024-12-12 02:26:12.465 [info] Added views:workbench.debug.welcome in workbench.view.debug
2024-12-12 02:26:12.555 [info] Added views:~remote.forwardedPorts in ~remote.forwardedPortsContainer
