2024-12-12 02:25:57.325 [info] Extension host with pid 1249 started
2024-12-12 02:25:58.155 [info] ExtensionService#_doActivateExtension vscode.git-base, startup: true, activationEvent: '*', root cause: vscode.git
2024-12-12 02:25:58.565 [info] ExtensionService#_doActivateExtension vscode.git, startup: true, activationEvent: '*'
2024-12-12 02:25:58.921 [info] ExtensionService#_doActivateExtension vscode.github, startup: true, activationEvent: '*'
2024-12-12 02:25:59.225 [info] Eager extensions activated
2024-12-12 02:25:59.324 [info] ExtensionService#_doActivateExtension vscode.debug-auto-launch, startup: false, activationEvent: 'onStartupFinished'
2024-12-12 02:25:59.339 [info] ExtensionService#_doActivateExtension vscode.merge-conflict, startup: false, activationEvent: 'onStartupFinished'
2024-12-12 02:26:08.751 [info] Extension host terminating: renderer closed the MessagePort
2024-12-12 02:26:08.769 [info] Extension host with pid 1249 exiting with code 0
2024-12-12 02:26:12.161 [info] Extension host with pid 1295 started
2024-12-12 02:26:12.164 [info] Skipping acquiring lock for /home/GibbyArch/.config/Code - OSS/User/workspaceStorage/3fe68b7b852d8b5dfca7570333d0758f.
2024-12-12 02:26:12.468 [info] ExtensionService#_doActivateExtension vscode.git-base, startup: true, activationEvent: '*'
2024-12-12 02:26:12.511 [info] ExtensionService#_doActivateExtension vscode.github, startup: true, activationEvent: '*'
2024-12-12 02:26:12.618 [info] Eager extensions activated
2024-12-12 02:26:12.755 [info] ExtensionService#_doActivateExtension vscode.debug-auto-launch, startup: false, activationEvent: 'onStartupFinished'
2024-12-12 02:26:12.763 [info] ExtensionService#_doActivateExtension vscode.merge-conflict, startup: false, activationEvent: 'onStartupFinished'
2024-12-12 02:26:48.515 [info] ExtensionService#_doActivateExtension vscode.git, startup: false, activationEvent: 'api', root cause: vscode.github
2024-12-12 02:27:17.168 [info] ExtensionService#_doActivateExtension vscode.emmet, startup: false, activationEvent: 'onLanguage'
2024-12-12 02:34:04.418 [info] ExtensionService#_doActivateExtension vscode.configuration-editing, startup: false, activationEvent: 'onLanguage:jsonc'
2024-12-12 02:34:04.470 [info] ExtensionService#_doActivateExtension vscode.json-language-features, startup: false, activationEvent: 'onLanguage:jsonc'
2024-12-12 02:34:04.708 [info] ExtensionService#_doActivateExtension vscode.typescript-language-features, startup: false, activationEvent: 'onLanguage:jsonc'
2024-12-12 02:35:09.385 [info] Extension host terminating: renderer closed the MessagePort
2024-12-12 02:35:09.417 [info] Extension host with pid 1295 exiting with code 0
