2024-12-12 19:08:57.019 [info] [main] Log level: Info
2024-12-12 19:08:57.019 [info] [main] Validating found git in: "git"
2024-12-12 19:08:57.019 [info] [main] Using git "2.47.1" from "git"
2024-12-12 19:08:57.019 [info] [Model][doInitialScan] Initial repository scan started
2024-12-12 19:08:57.019 [info] > git rev-parse --show-toplevel [16ms]
2024-12-12 19:08:57.019 [info] fatal: not a git repository (or any of the parent directories): .git
2024-12-12 19:08:57.137 [info] > git rev-parse --show-toplevel [80ms]
2024-12-12 19:08:57.137 [info] fatal: not a git repository (or any of the parent directories): .git
2024-12-12 19:08:57.185 [info] > git rev-parse --show-toplevel [8ms]
2024-12-12 19:08:57.185 [info] fatal: not a git repository (or any of the parent directories): .git
2024-12-12 19:08:57.217 [info] > git rev-parse --show-toplevel [9ms]
2024-12-12 19:08:57.217 [info] fatal: not a git repository (or any of the parent directories): .git
2024-12-12 19:08:57.250 [info] > git rev-parse --show-toplevel [8ms]
2024-12-12 19:08:57.251 [info] fatal: not a git repository (or any of the parent directories): .git
2024-12-12 19:08:57.275 [info] > git rev-parse --show-toplevel [6ms]
2024-12-12 19:08:57.276 [info] fatal: not a git repository (or any of the parent directories): .git
2024-12-12 19:08:57.321 [info] > git rev-parse --show-toplevel [16ms]
2024-12-12 19:08:57.321 [info] fatal: not a git repository (or any of the parent directories): .git
2024-12-12 19:08:57.354 [info] > git rev-parse --show-toplevel [16ms]
2024-12-12 19:08:57.354 [info] fatal: not a git repository (or any of the parent directories): .git
2024-12-12 19:08:57.383 [info] > git rev-parse --show-toplevel [9ms]
2024-12-12 19:08:57.384 [info] fatal: not a git repository (or any of the parent directories): .git
2024-12-12 19:08:57.414 [info] > git rev-parse --show-toplevel [8ms]
2024-12-12 19:08:57.415 [info] fatal: not a git repository (or any of the parent directories): .git
2024-12-12 19:08:57.450 [info] > git rev-parse --show-toplevel [8ms]
2024-12-12 19:08:57.451 [info] fatal: not a git repository (or any of the parent directories): .git
2024-12-12 19:08:57.493 [info] > git rev-parse --show-toplevel [9ms]
2024-12-12 19:08:57.494 [info] fatal: not a git repository (or any of the parent directories): .git
2024-12-12 19:08:57.523 [info] > git rev-parse --show-toplevel [14ms]
2024-12-12 19:08:57.523 [info] fatal: not a git repository (or any of the parent directories): .git
2024-12-12 19:08:57.549 [info] > git rev-parse --show-toplevel [6ms]
2024-12-12 19:08:57.549 [info] fatal: not a git repository (or any of the parent directories): .git
2024-12-12 19:08:57.578 [info] > git rev-parse --show-toplevel [11ms]
2024-12-12 19:08:57.578 [info] fatal: not a git repository (or any of the parent directories): .git
2024-12-12 19:08:57.580 [info] [Model][doInitialScan] Initial repository scan completed - repositories (0), closed repositories (0), parent repositories (0), unsafe repositories (0)
2024-12-12 19:08:58.021 [info] > git rev-parse --show-toplevel [11ms]
2024-12-12 19:08:58.021 [info] fatal: not a git repository (or any of the parent directories): .git
2024-12-12 19:08:58.334 [info] > git rev-parse --show-toplevel [15ms]
2024-12-12 19:08:58.334 [info] fatal: not a git repository (or any of the parent directories): .git
2024-12-12 19:08:58.353 [info] > git rev-parse --show-toplevel [4ms]
2024-12-12 19:08:58.354 [info] fatal: not a git repository (or any of the parent directories): .git
