2024-12-12 18:54:47.126 [info] [main] Log level: Info
2024-12-12 18:54:47.126 [info] [main] Validating found git in: "git"
2024-12-12 18:54:47.126 [info] [main] Using git "2.47.1" from "git"
2024-12-12 18:54:47.126 [info] [Model][doInitialScan] Initial repository scan started
2024-12-12 18:54:47.126 [info] > git rev-parse --show-toplevel [85ms]
2024-12-12 18:54:47.126 [info] fatal: not a git repository (or any of the parent directories): .git
2024-12-12 18:54:47.169 [info] > git rev-parse --show-toplevel [23ms]
2024-12-12 18:54:47.170 [info] fatal: not a git repository (or any of the parent directories): .git
2024-12-12 18:54:47.207 [info] > git rev-parse --show-toplevel [20ms]
2024-12-12 18:54:47.209 [info] fatal: not a git repository (or any of the parent directories): .git
2024-12-12 18:54:47.240 [info] > git rev-parse --show-toplevel [7ms]
2024-12-12 18:54:47.240 [info] fatal: not a git repository (or any of the parent directories): .git
2024-12-12 18:54:47.267 [info] > git rev-parse --show-toplevel [10ms]
2024-12-12 18:54:47.267 [info] fatal: not a git repository (or any of the parent directories): .git
2024-12-12 18:54:47.374 [info] > git rev-parse --show-toplevel [7ms]
2024-12-12 18:54:47.375 [info] fatal: not a git repository (or any of the parent directories): .git
2024-12-12 18:54:47.399 [info] > git rev-parse --show-toplevel [7ms]
2024-12-12 18:54:47.399 [info] fatal: not a git repository (or any of the parent directories): .git
2024-12-12 18:54:47.420 [info] > git rev-parse --show-toplevel [4ms]
2024-12-12 18:54:47.420 [info] fatal: not a git repository (or any of the parent directories): .git
2024-12-12 18:54:47.437 [info] > git rev-parse --show-toplevel [6ms]
2024-12-12 18:54:47.437 [info] fatal: not a git repository (or any of the parent directories): .git
2024-12-12 18:54:47.455 [info] > git rev-parse --show-toplevel [4ms]
2024-12-12 18:54:47.458 [info] fatal: not a git repository (or any of the parent directories): .git
2024-12-12 18:54:47.484 [info] > git rev-parse --show-toplevel [9ms]
2024-12-12 18:54:47.484 [info] fatal: not a git repository (or any of the parent directories): .git
2024-12-12 18:54:47.579 [info] > git rev-parse --show-toplevel [44ms]
2024-12-12 18:54:47.580 [info] fatal: not a git repository (or any of the parent directories): .git
2024-12-12 18:54:47.620 [info] > git rev-parse --show-toplevel [14ms]
2024-12-12 18:54:47.620 [info] fatal: not a git repository (or any of the parent directories): .git
2024-12-12 18:54:47.672 [info] > git rev-parse --show-toplevel [10ms]
2024-12-12 18:54:47.672 [info] fatal: not a git repository (or any of the parent directories): .git
2024-12-12 18:54:47.696 [info] > git rev-parse --show-toplevel [8ms]
2024-12-12 18:54:47.696 [info] fatal: not a git repository (or any of the parent directories): .git
2024-12-12 18:54:47.721 [info] > git rev-parse --show-toplevel [11ms]
2024-12-12 18:54:47.721 [info] fatal: not a git repository (or any of the parent directories): .git
2024-12-12 18:54:47.757 [info] > git rev-parse --show-toplevel [16ms]
2024-12-12 18:54:47.757 [info] fatal: not a git repository (or any of the parent directories): .git
2024-12-12 18:54:47.759 [info] [Model][doInitialScan] Initial repository scan completed - repositories (0), closed repositories (0), parent repositories (0), unsafe repositories (0)
2024-12-12 18:54:47.784 [info] > git rev-parse --show-toplevel [6ms]
2024-12-12 18:54:47.784 [info] fatal: not a git repository (or any of the parent directories): .git
2024-12-12 19:04:04.602 [info] > git rev-parse --show-toplevel [9ms]
2024-12-12 19:04:04.602 [info] fatal: not a git repository (or any of the parent directories): .git
2024-12-12 19:04:52.263 [info] > git rev-parse --show-toplevel [7ms]
2024-12-12 19:04:52.263 [info] fatal: not a git repository (or any of the parent directories): .git
