2024-12-12 02:25:59.073 [info] [main] Log level: Info
2024-12-12 02:25:59.073 [info] [main] Validating found git in: "git"
2024-12-12 02:25:59.207 [info] [main] Using git "2.47.1" from "git"
2024-12-12 02:25:59.208 [info] [Model][doInitialScan] Initial repository scan started
2024-12-12 02:25:59.211 [info] [Model][doInitialScan] Initial repository scan completed - repositories (0), closed repositories (0), parent repositories (0), unsafe repositories (0)
2024-12-12 02:26:48.932 [info] [main] Log level: Info
2024-12-12 02:26:48.932 [info] [main] Validating found git in: "git"
2024-12-12 02:26:48.932 [info] [main] Using git "2.47.1" from "git"
2024-12-12 02:26:48.932 [info] [Model][doInitialScan] Initial repository scan started
2024-12-12 02:26:48.932 [info] > git rev-parse --show-toplevel [24ms]
2024-12-12 02:26:48.932 [info] fatal: not a git repository (or any of the parent directories): .git
2024-12-12 02:26:49.029 [info] > git rev-parse --show-toplevel [37ms]
2024-12-12 02:26:49.030 [info] fatal: not a git repository (or any of the parent directories): .git
2024-12-12 02:26:49.079 [info] > git rev-parse --show-toplevel [10ms]
2024-12-12 02:26:49.080 [info] fatal: not a git repository (or any of the parent directories): .git
2024-12-12 02:26:49.106 [info] > git rev-parse --show-toplevel [9ms]
2024-12-12 02:26:49.106 [info] fatal: not a git repository (or any of the parent directories): .git
2024-12-12 02:26:49.137 [info] > git rev-parse --show-toplevel [10ms]
2024-12-12 02:26:49.138 [info] fatal: not a git repository (or any of the parent directories): .git
2024-12-12 02:26:49.158 [info] > git rev-parse --show-toplevel [6ms]
2024-12-12 02:26:49.158 [info] fatal: not a git repository (or any of the parent directories): .git
2024-12-12 02:26:49.185 [info] > git rev-parse --show-toplevel [7ms]
2024-12-12 02:26:49.185 [info] fatal: not a git repository (or any of the parent directories): .git
2024-12-12 02:26:49.214 [info] > git rev-parse --show-toplevel [6ms]
2024-12-12 02:26:49.214 [info] fatal: not a git repository (or any of the parent directories): .git
2024-12-12 02:26:49.233 [info] > git rev-parse --show-toplevel [5ms]
2024-12-12 02:26:49.233 [info] fatal: not a git repository (or any of the parent directories): .git
2024-12-12 02:26:49.257 [info] > git rev-parse --show-toplevel [6ms]
2024-12-12 02:26:49.257 [info] fatal: not a git repository (or any of the parent directories): .git
2024-12-12 02:26:49.280 [info] > git rev-parse --show-toplevel [6ms]
2024-12-12 02:26:49.280 [info] fatal: not a git repository (or any of the parent directories): .git
2024-12-12 02:26:49.298 [info] > git rev-parse --show-toplevel [4ms]
2024-12-12 02:26:49.298 [info] fatal: not a git repository (or any of the parent directories): .git
2024-12-12 02:26:49.318 [info] > git rev-parse --show-toplevel [7ms]
2024-12-12 02:26:49.318 [info] fatal: not a git repository (or any of the parent directories): .git
2024-12-12 02:26:49.336 [info] > git rev-parse --show-toplevel [4ms]
2024-12-12 02:26:49.336 [info] fatal: not a git repository (or any of the parent directories): .git
2024-12-12 02:26:49.355 [info] > git rev-parse --show-toplevel [5ms]
2024-12-12 02:26:49.355 [info] fatal: not a git repository (or any of the parent directories): .git
2024-12-12 02:26:49.373 [info] > git rev-parse --show-toplevel [5ms]
2024-12-12 02:26:49.374 [info] fatal: not a git repository (or any of the parent directories): .git
2024-12-12 02:26:49.392 [info] > git rev-parse --show-toplevel [4ms]
2024-12-12 02:26:49.392 [info] fatal: not a git repository (or any of the parent directories): .git
2024-12-12 02:26:49.393 [info] [Model][doInitialScan] Initial repository scan completed - repositories (0), closed repositories (0), parent repositories (0), unsafe repositories (0)
2024-12-12 02:27:16.831 [info] > git rev-parse --show-toplevel [7ms]
2024-12-12 02:27:16.831 [info] fatal: not a git repository (or any of the parent directories): .git
2024-12-12 02:27:30.730 [info] > git rev-parse --show-toplevel [13ms]
2024-12-12 02:27:30.730 [info] fatal: not a git repository (or any of the parent directories): .git
2024-12-12 02:28:48.927 [info] > git rev-parse --show-toplevel [5ms]
2024-12-12 02:28:48.927 [info] fatal: not a git repository (or any of the parent directories): .git
2024-12-12 02:29:07.965 [info] > git rev-parse --show-toplevel [7ms]
2024-12-12 02:29:07.965 [info] fatal: not a git repository (or any of the parent directories): .git
2024-12-12 02:30:38.539 [info] > git rev-parse --show-toplevel [5ms]
2024-12-12 02:30:38.539 [info] fatal: not a git repository (or any of the parent directories): .git
2024-12-12 02:30:49.727 [info] > git rev-parse --show-toplevel [12ms]
2024-12-12 02:30:49.727 [info] fatal: not a git repository (or any of the parent directories): .git
2024-12-12 02:30:57.726 [info] > git rev-parse --show-toplevel [6ms]
2024-12-12 02:30:57.726 [info] fatal: not a git repository (or any of the parent directories): .git
2024-12-12 02:32:34.694 [info] > git rev-parse --show-toplevel [9ms]
2024-12-12 02:32:34.694 [info] fatal: not a git repository (or any of the parent directories): .git
2024-12-12 02:34:05.123 [info] > git rev-parse --show-toplevel [114ms]
2024-12-12 02:34:05.123 [info] fatal: not a git repository (or any of the parent directories): .git
2024-12-12 02:34:05.327 [info] > git rev-parse --show-toplevel [13ms]
2024-12-12 02:34:05.327 [info] fatal: not a git repository (or any of the parent directories): .git
2024-12-12 02:34:09.002 [info] > git rev-parse --show-toplevel [7ms]
2024-12-12 02:34:09.003 [info] fatal: not a git repository (or any of the parent directories): .git
2024-12-12 02:34:19.660 [info] > git rev-parse --show-toplevel [7ms]
2024-12-12 02:34:19.660 [info] fatal: not a git repository (or any of the parent directories): .git
2024-12-12 02:34:31.544 [info] > git rev-parse --show-toplevel [4ms]
2024-12-12 02:34:31.545 [info] fatal: not a git repository (or any of the parent directories): .git
2024-12-12 02:34:34.042 [info] > git rev-parse --show-toplevel [12ms]
2024-12-12 02:34:34.042 [info] fatal: not a git repository (or any of the parent directories): .git
2024-12-12 02:34:35.279 [info] > git rev-parse --show-toplevel [8ms]
2024-12-12 02:34:35.279 [info] fatal: not a git repository (or any of the parent directories): .git
2024-12-12 02:34:38.097 [info] > git rev-parse --show-toplevel [7ms]
2024-12-12 02:34:38.097 [info] fatal: not a git repository (or any of the parent directories): .git
2024-12-12 02:34:39.422 [info] > git rev-parse --show-toplevel [8ms]
2024-12-12 02:34:39.422 [info] fatal: not a git repository (or any of the parent directories): .git
