2024-12-12 17:38:41.902 [info] [main] Log level: Info
2024-12-12 17:38:41.902 [info] [main] Validating found git in: "git"
2024-12-12 17:38:41.902 [info] [main] Using git "2.47.1" from "git"
2024-12-12 17:38:41.902 [info] [Model][doInitialScan] Initial repository scan started
2024-12-12 17:38:41.902 [info] > git rev-parse --show-toplevel [5ms]
2024-12-12 17:38:41.902 [info] fatal: not a git repository (or any of the parent directories): .git
2024-12-12 17:38:41.902 [info] > git rev-parse --show-toplevel [30ms]
2024-12-12 17:38:41.902 [info] fatal: not a git repository (or any of the parent directories): .git
2024-12-12 17:38:42.021 [info] > git rev-parse --show-toplevel [14ms]
2024-12-12 17:38:42.021 [info] fatal: not a git repository (or any of the parent directories): .git
2024-12-12 17:38:42.118 [info] > git rev-parse --show-toplevel [68ms]
2024-12-12 17:38:42.118 [info] fatal: not a git repository (or any of the parent directories): .git
2024-12-12 17:38:42.184 [info] > git rev-parse --show-toplevel [27ms]
2024-12-12 17:38:42.184 [info] fatal: not a git repository (or any of the parent directories): .git
2024-12-12 17:38:42.211 [info] > git rev-parse --show-toplevel [8ms]
2024-12-12 17:38:42.211 [info] fatal: not a git repository (or any of the parent directories): .git
2024-12-12 17:38:42.365 [info] > git rev-parse --show-toplevel [130ms]
2024-12-12 17:38:42.365 [info] fatal: not a git repository (or any of the parent directories): .git
2024-12-12 17:38:42.403 [info] > git rev-parse --show-toplevel [11ms]
2024-12-12 17:38:42.403 [info] fatal: not a git repository (or any of the parent directories): .git
2024-12-12 17:38:42.430 [info] > git rev-parse --show-toplevel [14ms]
2024-12-12 17:38:42.430 [info] fatal: not a git repository (or any of the parent directories): .git
2024-12-12 17:38:42.462 [info] > git rev-parse --show-toplevel [13ms]
2024-12-12 17:38:42.462 [info] fatal: not a git repository (or any of the parent directories): .git
2024-12-12 17:38:42.504 [info] > git rev-parse --show-toplevel [12ms]
2024-12-12 17:38:42.504 [info] fatal: not a git repository (or any of the parent directories): .git
2024-12-12 17:38:42.593 [info] > git rev-parse --show-toplevel [9ms]
2024-12-12 17:38:42.593 [info] fatal: not a git repository (or any of the parent directories): .git
2024-12-12 17:38:42.624 [info] > git rev-parse --show-toplevel [8ms]
2024-12-12 17:38:42.624 [info] fatal: not a git repository (or any of the parent directories): .git
2024-12-12 17:38:42.668 [info] > git rev-parse --show-toplevel [13ms]
2024-12-12 17:38:42.669 [info] fatal: not a git repository (or any of the parent directories): .git
2024-12-12 17:38:42.702 [info] > git rev-parse --show-toplevel [8ms]
2024-12-12 17:38:42.702 [info] fatal: not a git repository (or any of the parent directories): .git
2024-12-12 17:38:42.724 [info] > git rev-parse --show-toplevel [6ms]
2024-12-12 17:38:42.725 [info] fatal: not a git repository (or any of the parent directories): .git
2024-12-12 17:38:42.745 [info] > git rev-parse --show-toplevel [4ms]
2024-12-12 17:38:42.745 [info] fatal: not a git repository (or any of the parent directories): .git
2024-12-12 17:38:42.746 [info] [Model][doInitialScan] Initial repository scan completed - repositories (0), closed repositories (0), parent repositories (0), unsafe repositories (0)
2024-12-12 17:38:43.853 [info] > git rev-parse --show-toplevel [10ms]
2024-12-12 17:38:43.853 [info] fatal: not a git repository (or any of the parent directories): .git
2024-12-12 17:38:44.280 [info] > git rev-parse --show-toplevel [5ms]
2024-12-12 17:38:44.280 [info] fatal: not a git repository (or any of the parent directories): .git
2024-12-12 17:38:44.487 [info] > git rev-parse --show-toplevel [10ms]
2024-12-12 17:38:44.488 [info] fatal: not a git repository (or any of the parent directories): .git
2024-12-12 17:39:21.737 [info] > git rev-parse --show-toplevel [6ms]
2024-12-12 17:39:21.737 [info] fatal: not a git repository (or any of the parent directories): .git
